# JRE version: Java(TM) SE Runtime Environment (8.0_65-b17) (build 1.8.0_65-b17)
# Java VM: Java HotSpot(TM) Client VM (25.65-b01 mixed mode linux-arm )
Heap:
 def new generation   total 157440K, used 0K [0x35000000, 0x3fac0000, 0x4a000000)
  eden space 140032K,   0% used [0x35000000, 0x35000000, 0x3d8c0000)
  from space 17408K,   0% used [0x3e9c0000, 0x3e9c0000, 0x3fac0000)
  to   space 17408K,   0% used [0x3d8c0000, 0x3d8c0000, 0x3e9c0000)
 tenured generation   total 365952K, used 280122K [0x4a000000, 0x60560000, 0x74000000)
   the space 365952K,  76% used [0x4a000000, 0x5b18e900, 0x5b18ea00, 0x60560000)
 Metaspace       used 36009K, capacity 40284K, committed 40320K, reserved 41264K
GC Heap History (10 events):
Event: 651.528 GC heap after
Heap after GC invocations=419 (full 3):
 def new generation   total 157440K, used 3308K [0x35000000, 0x3fac0000, 0x4a000000)
  eden space 140032K,   0% used [0x35000000, 0x35000000, 0x3d8c0000)
  from space 17408K,  19% used [0x3d8c0000, 0x3dbfb308, 0x3e9c0000)
  to   space 17408K,   0% used [0x3e9c0000, 0x3e9c0000, 0x3fac0000)
 tenured generation   total 349568K, used 285376K [0x4a000000, 0x5f560000, 0x74000000)
   the space 349568K,  81% used [0x4a000000, 0x5b6b00f8, 0x5b6b0200, 0x5f560000)
 Metaspace       used 36007K, capacity 40281K, committed 40320K, reserved 41264K
}
Event: 653.116 GC heap before
{Heap before GC invocations=419 (full 3):
 def new generation   total 157440K, used 143340K [0x35000000, 0x3fac0000, 0x4a000000)
  eden space 140032K, 100% used [0x35000000, 0x3d8c0000, 0x3d8c0000)
  from space 17408K,  19% used [0x3d8c0000, 0x3dbfb308, 0x3e9c0000)
  to   space 17408K,   0% used [0x3e9c0000, 0x3e9c0000, 0x3fac0000)
 tenured generation   total 349568K, used 285376K [0x4a000000, 0x5f560000, 0x74000000)
   the space 349568K,  81% used [0x4a000000, 0x5b6b00f8, 0x5b6b0200, 0x5f560000)
 Metaspace       used 36007K, capacity 40281K, committed 40320K, reserved 41264K
Event: 653.142 GC heap after
Heap after GC invocations=420 (full 3):
 def new generation   total 157440K, used 3061K [0x35000000, 0x3fac0000, 0x4a000000)
  eden space 140032K,   0% used [0x35000000, 0x35000000, 0x3d8c0000)
  from space 17408K,  17% used [0x3e9c0000, 0x3ecbd688, 0x3fac0000)
  to   space 17408K,   0% used [0x3d8c0000, 0x3d8c0000, 0x3e9c0000)
 tenured generation   total 349568K, used 285501K [0x4a000000, 0x5f560000, 0x74000000)
   the space 349568K,  81% used [0x4a000000, 0x5b6cf668, 0x5b6cf800, 0x5f560000)
 Metaspace       used 36007K, capacity 40281K, committed 40320K, reserved 41264K
}
Event: 654.734 GC heap before
{Heap before GC invocations=420 (full 3):
 def new generation   total 157440K, used 143093K [0x35000000, 0x3fac0000, 0x4a000000)
  eden space 140032K, 100% used [0x35000000, 0x3d8c0000, 0x3d8c0000)
  from space 17408K,  17% used [0x3e9c0000, 0x3ecbd688, 0x3fac0000)
  to   space 17408K,   0% used [0x3d8c0000, 0x3d8c0000, 0x3e9c0000)
 tenured generation   total 349568K, used 285501K [0x4a000000, 0x5f560000, 0x74000000)
   the space 349568K,  81% used [0x4a000000, 0x5b6cf668, 0x5b6cf800, 0x5f560000)
 Metaspace       used 36007K, capacity 40281K, committed 40320K, reserved 41264K
Event: 654.761 GC heap after
Heap after GC invocations=421 (full 3):
 def new generation   total 157440K, used 3443K [0x35000000, 0x3fac0000, 0x4a000000)
  eden space 140032K,   0% used [0x35000000, 0x35000000, 0x3d8c0000)
  from space 17408K,  19% used [0x3d8c0000, 0x3dc1ce08, 0x3e9c0000)
  to   space 17408K,   0% used [0x3e9c0000, 0x3e9c0000, 0x3fac0000)
 tenured generation   total 349568K, used 285507K [0x4a000000, 0x5f560000, 0x74000000)
   the space 349568K,  81% used [0x4a000000, 0x5b6d0eb8, 0x5b6d1000, 0x5f560000)
 Metaspace       used 36007K, capacity 40281K, committed 40320K, reserved 41264K
}
Event: 656.350 GC heap before
{Heap before GC invocations=421 (full 3):
 def new generation   total 157440K, used 143475K [0x35000000, 0x3fac0000, 0x4a000000)
  eden space 140032K, 100% used [0x35000000, 0x3d8c0000, 0x3d8c0000)
  from space 17408K,  19% used [0x3d8c0000, 0x3dc1ce08, 0x3e9c0000)
  to   space 17408K,   0% used [0x3e9c0000, 0x3e9c0000, 0x3fac0000)
 tenured generation   total 349568K, used 285507K [0x4a000000, 0x5f560000, 0x74000000)
   the space 349568K,  81% used [0x4a000000, 0x5b6d0eb8, 0x5b6d1000, 0x5f560000)
 Metaspace       used 36007K, capacity 40281K, committed 40320K, reserved 41264K
Event: 656.376 GC heap after
Heap after GC invocations=422 (full 3):
 def new generation   total 157440K, used 3191K [0x35000000, 0x3fac0000, 0x4a000000)
  eden space 140032K,   0% used [0x35000000, 0x35000000, 0x3d8c0000)
  from space 17408K,  18% used [0x3e9c0000, 0x3ecdddc0, 0x3fac0000)
  to   space 17408K,   0% used [0x3d8c0000, 0x3d8c0000, 0x3e9c0000)
 tenured generation   total 349568K, used 285509K [0x4a000000, 0x5f560000, 0x74000000)
   the space 349568K,  81% used [0x4a000000, 0x5b6d16c8, 0x5b6d1800, 0x5f560000)
 Metaspace       used 36007K, capacity 40281K, committed 40320K, reserved 41264K
}
Event: 657.733 GC heap before
{Heap before GC invocations=422 (full 3):
 def new generation   total 157440K, used 143223K [0x35000000, 0x3fac0000, 0x4a000000)
  eden space 140032K, 100% used [0x35000000, 0x3d8c0000, 0x3d8c0000)
  from space 17408K,  18% used [0x3e9c0000, 0x3ecdddc0, 0x3fac0000)
  to   space 17408K,   0% used [0x3d8c0000, 0x3d8c0000, 0x3e9c0000)
 tenured generation   total 349568K, used 285509K [0x4a000000, 0x5f560000, 0x74000000)
   the space 349568K,  81% used [0x4a000000, 0x5b6d16c8, 0x5b6d1800, 0x5f560000)
 Metaspace       used 36009K, capacity 40284K, committed 40320K, reserved 41264K
Event: 658.673 GC heap after
Heap after GC invocations=423 (full 3):
 def new generation   total 157440K, used 17408K [0x35000000, 0x3fac0000, 0x4a000000)
  eden space 140032K,   0% used [0x35000000, 0x35000000, 0x3d8c0000)
  from space 17408K, 100% used [0x3d8c0000, 0x3e9c0000, 0x3e9c0000)
  to   space 17408K,   0% used [0x3e9c0000, 0x3e9c0000, 0x3fac0000)
 tenured generation   total 349568K, used 306222K [0x4a000000, 0x5f560000, 0x74000000)
   the space 349568K,  87% used [0x4a000000, 0x5cb0b868, 0x5cb0ba00, 0x5f560000)
 Metaspace       used 36009K, capacity 40284K, committed 40320K, reserved 41264K
}
Event: 660.542 GC heap before
{Heap before GC invocations=423 (full 3):
 def new generation   total 157440K, used 157440K [0x35000000, 0x3fac0000, 0x4a000000)
  eden space 140032K, 100% used [0x35000000, 0x3d8c0000, 0x3d8c0000)
  from space 17408K, 100% used [0x3d8c0000, 0x3e9c0000, 0x3e9c0000)
  to   space 17408K,   0% used [0x3e9c0000, 0x3e9c0000, 0x3fac0000)
 tenured generation   total 349568K, used 306222K [0x4a000000, 0x5f560000, 0x74000000)
   the space 349568K,  87% used [0x4a000000, 0x5cb0b868, 0x5cb0ba00, 0x5f560000)
 Metaspace       used 36009K, capacity 40284K, committed 40320K, reserved 41264K

