# JRE version: Java(TM) SE Runtime Environment (8.0_65-b17) (build 1.8.0_65-b17)
# Java VM: Java HotSpot(TM) Client VM (25.65-b01 mixed mode linux-arm )
Heap:
 def new generation   total 198144K, used 0K [0x35000000, 0x42700000, 0x4a000000)
  eden space 176128K,   0% used [0x35000000, 0x35000000, 0x3fc00000)
  from space 22016K,   0% used [0x41180000, 0x41180000, 0x42700000)
  to   space 22016K,   0% used [0x3fc00000, 0x3fc00000, 0x41180000)
 tenured generation   total 440480K, used 376796K [0x4a000000, 0x64e28000, 0x74000000)
   the space 440480K,  85% used [0x4a000000, 0x60ff72b8, 0x60ff7400, 0x64e28000)
 Metaspace       used 42276K, capacity 47100K, committed 47104K, reserved 47408K
GC Heap History (10 events):
Event: 160994.369 GC heap after
Heap after GC invocations=10188 (full 5):
 def new generation   total 198144K, used 5430K [0x35000000, 0x42700000, 0x4a000000)
  eden space 176128K,   0% used [0x35000000, 0x35000000, 0x3fc00000)
  from space 22016K,  24% used [0x3fc00000, 0x4014da28, 0x41180000)
  to   space 22016K,   0% used [0x41180000, 0x41180000, 0x42700000)
 tenured generation   total 440096K, used 439168K [0x4a000000, 0x64dc8000, 0x74000000)
   the space 440096K,  99% used [0x4a000000, 0x64ce0258, 0x64ce0400, 0x64dc8000)
 Metaspace       used 42276K, capacity 47100K, committed 47104K, reserved 47408K
}
Event: 161001.061 GC heap before
{Heap before GC invocations=10188 (full 5):
 def new generation   total 198144K, used 181558K [0x35000000, 0x42700000, 0x4a000000)
  eden space 176128K, 100% used [0x35000000, 0x3fc00000, 0x3fc00000)
  from space 22016K,  24% used [0x3fc00000, 0x4014da28, 0x41180000)
  to   space 22016K,   0% used [0x41180000, 0x41180000, 0x42700000)
 tenured generation   total 440096K, used 439168K [0x4a000000, 0x64dc8000, 0x74000000)
   the space 440096K,  99% used [0x4a000000, 0x64ce0258, 0x64ce0400, 0x64dc8000)
 Metaspace       used 42276K, capacity 47100K, committed 47104K, reserved 47408K
Event: 161001.106 GC heap after
Heap after GC invocations=10189 (full 5):
 def new generation   total 198144K, used 4940K [0x35000000, 0x42700000, 0x4a000000)
  eden space 176128K,   0% used [0x35000000, 0x35000000, 0x3fc00000)
  from space 22016K,  22% used [0x41180000, 0x41653208, 0x42700000)
  to   space 22016K,   0% used [0x3fc00000, 0x3fc00000, 0x41180000)
 tenured generation   total 440096K, used 439510K [0x4a000000, 0x64dc8000, 0x74000000)
   the space 440096K,  99% used [0x4a000000, 0x64d35988, 0x64d35a00, 0x64dc8000)
 Metaspace       used 42276K, capacity 47100K, committed 47104K, reserved 47408K
}
Event: 161007.673 GC heap before
{Heap before GC invocations=10189 (full 5):
 def new generation   total 198144K, used 181068K [0x35000000, 0x42700000, 0x4a000000)
  eden space 176128K, 100% used [0x35000000, 0x3fc00000, 0x3fc00000)
  from space 22016K,  22% used [0x41180000, 0x41653208, 0x42700000)
  to   space 22016K,   0% used [0x3fc00000, 0x3fc00000, 0x41180000)
 tenured generation   total 440096K, used 439510K [0x4a000000, 0x64dc8000, 0x74000000)
   the space 440096K,  99% used [0x4a000000, 0x64d35988, 0x64d35a00, 0x64dc8000)
 Metaspace       used 42276K, capacity 47100K, committed 47104K, reserved 47408K
Event: 161007.720 GC heap after
Heap after GC invocations=10190 (full 5):
 def new generation   total 198144K, used 5069K [0x35000000, 0x42700000, 0x4a000000)
  eden space 176128K,   0% used [0x35000000, 0x35000000, 0x3fc00000)
  from space 22016K,  23% used [0x3fc00000, 0x400f3650, 0x41180000)
  to   space 22016K,   0% used [0x41180000, 0x41180000, 0x42700000)
 tenured generation   total 440096K, used 439605K [0x4a000000, 0x64dc8000, 0x74000000)
   the space 440096K,  99% used [0x4a000000, 0x64d4d7a0, 0x64d4d800, 0x64dc8000)
 Metaspace       used 42276K, capacity 47100K, committed 47104K, reserved 47408K
}
Event: 161014.417 GC heap before
{Heap before GC invocations=10190 (full 5):
 def new generation   total 198144K, used 181197K [0x35000000, 0x42700000, 0x4a000000)
  eden space 176128K, 100% used [0x35000000, 0x3fc00000, 0x3fc00000)
  from space 22016K,  23% used [0x3fc00000, 0x400f3650, 0x41180000)
  to   space 22016K,   0% used [0x41180000, 0x41180000, 0x42700000)
 tenured generation   total 440096K, used 439605K [0x4a000000, 0x64dc8000, 0x74000000)
   the space 440096K,  99% used [0x4a000000, 0x64d4d7a0, 0x64d4d800, 0x64dc8000)
 Metaspace       used 42276K, capacity 47100K, committed 47104K, reserved 47408K
Event: 161014.467 GC heap after
Heap after GC invocations=10191 (full 5):
 def new generation   total 198144K, used 5249K [0x35000000, 0x42700000, 0x4a000000)
  eden space 176128K,   0% used [0x35000000, 0x35000000, 0x3fc00000)
  from space 22016K,  23% used [0x41180000, 0x416a0508, 0x42700000)
  to   space 22016K,   0% used [0x3fc00000, 0x3fc00000, 0x41180000)
 tenured generation   total 440096K, used 439748K [0x4a000000, 0x64dc8000, 0x74000000)
   the space 440096K,  99% used [0x4a000000, 0x64d71188, 0x64d71200, 0x64dc8000)
 Metaspace       used 42276K, capacity 47100K, committed 47104K, reserved 47408K
}
Event: 161021.235 GC heap before
{Heap before GC invocations=10191 (full 5):
 def new generation   total 198144K, used 181377K [0x35000000, 0x42700000, 0x4a000000)
  eden space 176128K, 100% used [0x35000000, 0x3fc00000, 0x3fc00000)
  from space 22016K,  23% used [0x41180000, 0x416a0508, 0x42700000)
  to   space 22016K,   0% used [0x3fc00000, 0x3fc00000, 0x41180000)
 tenured generation   total 440096K, used 439748K [0x4a000000, 0x64dc8000, 0x74000000)
   the space 440096K,  99% used [0x4a000000, 0x64d71188, 0x64d71200, 0x64dc8000)
 Metaspace       used 42276K, capacity 47100K, committed 47104K, reserved 47408K
Event: 161021.289 GC heap after
Heap after GC invocations=10192 (full 5):
 def new generation   total 198144K, used 5516K [0x35000000, 0x42700000, 0x4a000000)
  eden space 176128K,   0% used [0x35000000, 0x35000000, 0x3fc00000)
  from space 22016K,  25% used [0x3fc00000, 0x40163280, 0x41180000)
  to   space 22016K,   0% used [0x41180000, 0x41180000, 0x42700000)
 tenured generation   total 440096K, used 439977K [0x4a000000, 0x64dc8000, 0x74000000)
   the space 440096K,  99% used [0x4a000000, 0x64daa6a0, 0x64daa800, 0x64dc8000)
 Metaspace       used 42276K, capacity 47100K, committed 47104K, reserved 47408K
}
Event: 161027.511 GC heap before
{Heap before GC invocations=10192 (full 5):
 def new generation   total 198144K, used 181644K [0x35000000, 0x42700000, 0x4a000000)
  eden space 176128K, 100% used [0x35000000, 0x3fc00000, 0x3fc00000)
  from space 22016K,  25% used [0x3fc00000, 0x40163280, 0x41180000)
  to   space 22016K,   0% used [0x41180000, 0x41180000, 0x42700000)
 tenured generation   total 440096K, used 439977K [0x4a000000, 0x64dc8000, 0x74000000)
   the space 440096K,  99% used [0x4a000000, 0x64daa6a0, 0x64daa800, 0x64dc8000)
 Metaspace       used 42276K, capacity 47100K, committed 47104K, reserved 47408K

