# JRE version: Java(TM) SE Runtime Environment (8.0_65-b17) (build 1.8.0_65-b17)
# Java VM: Java HotSpot(TM) Client VM (25.65-b01 mixed mode linux-arm )
Heap:
 def new generation   total 228736K, used 0K [0x35000000, 0x44820000, 0x4a000000)
  eden space 203392K,   0% used [0x35000000, 0x35000000, 0x416a0000)
  from space 25344K,   0% used [0x42f60000, 0x42f60000, 0x44820000)
  to   space 25344K,   0% used [0x416a0000, 0x416a0000, 0x42f60000)
 tenured generation   total 508484K, used 446599K [0x4a000000, 0x69091000, 0x74000000)
   the space 508484K,  87% used [0x4a000000, 0x65421dc8, 0x65421e00, 0x69091000)
 Metaspace       used 42698K, capacity 47603K, committed 47616K, reserved 48432K
GC Heap History (10 events):
Event: 4336.124 GC heap after
Heap after GC invocations=682 (full 5):
 def new generation   total 228736K, used 11544K [0x35000000, 0x44820000, 0x4a000000)
  eden space 203392K,   0% used [0x35000000, 0x35000000, 0x416a0000)
  from space 25344K,  45% used [0x416a0000, 0x421e6178, 0x42f60000)
  to   space 25344K,   0% used [0x42f60000, 0x42f60000, 0x44820000)
 tenured generation   total 507972K, used 504172K [0x4a000000, 0x69011000, 0x74000000)
   the space 507972K,  99% used [0x4a000000, 0x68c5b028, 0x68c5b200, 0x69011000)
 Metaspace       used 42698K, capacity 47603K, committed 47616K, reserved 48432K
}
Event: 4338.842 GC heap before
{Heap before GC invocations=682 (full 5):
 def new generation   total 228736K, used 214936K [0x35000000, 0x44820000, 0x4a000000)
  eden space 203392K, 100% used [0x35000000, 0x416a0000, 0x416a0000)
  from space 25344K,  45% used [0x416a0000, 0x421e6178, 0x42f60000)
  to   space 25344K,   0% used [0x42f60000, 0x42f60000, 0x44820000)
 tenured generation   total 507972K, used 504172K [0x4a000000, 0x69011000, 0x74000000)
   the space 507972K,  99% used [0x4a000000, 0x68c5b028, 0x68c5b200, 0x69011000)
 Metaspace       used 42698K, capacity 47603K, committed 47616K, reserved 48432K
Event: 4338.914 GC heap after
Heap after GC invocations=683 (full 5):
 def new generation   total 228736K, used 11717K [0x35000000, 0x44820000, 0x4a000000)
  eden space 203392K,   0% used [0x35000000, 0x35000000, 0x416a0000)
  from space 25344K,  46% used [0x42f60000, 0x43ad1570, 0x44820000)
  to   space 25344K,   0% used [0x416a0000, 0x416a0000, 0x42f60000)
 tenured generation   total 507972K, used 504569K [0x4a000000, 0x69011000, 0x74000000)
   the space 507972K,  99% used [0x4a000000, 0x68cbe7a8, 0x68cbe800, 0x69011000)
 Metaspace       used 42698K, capacity 47603K, committed 47616K, reserved 48432K
}
Event: 4341.846 GC heap before
{Heap before GC invocations=683 (full 5):
 def new generation   total 228736K, used 215109K [0x35000000, 0x44820000, 0x4a000000)
  eden space 203392K, 100% used [0x35000000, 0x416a0000, 0x416a0000)
  from space 25344K,  46% used [0x42f60000, 0x43ad1570, 0x44820000)
  to   space 25344K,   0% used [0x416a0000, 0x416a0000, 0x42f60000)
 tenured generation   total 507972K, used 504569K [0x4a000000, 0x69011000, 0x74000000)
   the space 507972K,  99% used [0x4a000000, 0x68cbe7a8, 0x68cbe800, 0x69011000)
 Metaspace       used 42698K, capacity 47603K, committed 47616K, reserved 48432K
Event: 4341.918 GC heap after
Heap after GC invocations=684 (full 5):
 def new generation   total 228736K, used 10291K [0x35000000, 0x44820000, 0x4a000000)
  eden space 203392K,   0% used [0x35000000, 0x35000000, 0x416a0000)
  from space 25344K,  40% used [0x416a0000, 0x420acdf8, 0x42f60000)
  to   space 25344K,   0% used [0x42f60000, 0x42f60000, 0x44820000)
 tenured generation   total 507972K, used 506037K [0x4a000000, 0x69011000, 0x74000000)
   the space 507972K,  99% used [0x4a000000, 0x68e2d778, 0x68e2d800, 0x69011000)
 Metaspace       used 42698K, capacity 47603K, committed 47616K, reserved 48432K
}
Event: 4344.682 GC heap before
{Heap before GC invocations=684 (full 5):
 def new generation   total 228736K, used 213683K [0x35000000, 0x44820000, 0x4a000000)
  eden space 203392K, 100% used [0x35000000, 0x416a0000, 0x416a0000)
  from space 25344K,  40% used [0x416a0000, 0x420acdf8, 0x42f60000)
  to   space 25344K,   0% used [0x42f60000, 0x42f60000, 0x44820000)
 tenured generation   total 507972K, used 506037K [0x4a000000, 0x69011000, 0x74000000)
   the space 507972K,  99% used [0x4a000000, 0x68e2d778, 0x68e2d800, 0x69011000)
 Metaspace       used 42698K, capacity 47603K, committed 47616K, reserved 48432K
Event: 4344.754 GC heap after
Heap after GC invocations=685 (full 5):
 def new generation   total 228736K, used 10276K [0x35000000, 0x44820000, 0x4a000000)
  eden space 203392K,   0% used [0x35000000, 0x35000000, 0x416a0000)
  from space 25344K,  40% used [0x42f60000, 0x43969028, 0x44820000)
  to   space 25344K,   0% used [0x416a0000, 0x416a0000, 0x42f60000)
 tenured generation   total 507972K, used 507151K [0x4a000000, 0x69011000, 0x74000000)
   the space 507972K,  99% used [0x4a000000, 0x68f43c70, 0x68f43e00, 0x69011000)
 Metaspace       used 42698K, capacity 47603K, committed 47616K, reserved 48432K
}
Event: 4347.618 GC heap before
{Heap before GC invocations=685 (full 5):
 def new generation   total 228736K, used 213668K [0x35000000, 0x44820000, 0x4a000000)
  eden space 203392K, 100% used [0x35000000, 0x416a0000, 0x416a0000)
  from space 25344K,  40% used [0x42f60000, 0x43969028, 0x44820000)
  to   space 25344K,   0% used [0x416a0000, 0x416a0000, 0x42f60000)
 tenured generation   total 507972K, used 507151K [0x4a000000, 0x69011000, 0x74000000)
   the space 507972K,  99% used [0x4a000000, 0x68f43c70, 0x68f43e00, 0x69011000)
 Metaspace       used 42698K, capacity 47603K, committed 47616K, reserved 48432K
Event: 4347.683 GC heap after
Heap after GC invocations=686 (full 5):
 def new generation   total 228736K, used 10366K [0x35000000, 0x44820000, 0x4a000000)
  eden space 203392K,   0% used [0x35000000, 0x35000000, 0x416a0000)
  from space 25344K,  40% used [0x416a0000, 0x420bfb38, 0x42f60000)
  to   space 25344K,   0% used [0x42f60000, 0x42f60000, 0x44820000)
 tenured generation   total 507972K, used 507561K [0x4a000000, 0x69011000, 0x74000000)
   the space 507972K,  99% used [0x4a000000, 0x68faa7f0, 0x68faa800, 0x69011000)
 Metaspace       used 42698K, capacity 47603K, committed 47616K, reserved 48432K
}
Event: 4350.855 GC heap before
{Heap before GC invocations=686 (full 5):
 def new generation   total 228736K, used 213758K [0x35000000, 0x44820000, 0x4a000000)
  eden space 203392K, 100% used [0x35000000, 0x416a0000, 0x416a0000)
  from space 25344K,  40% used [0x416a0000, 0x420bfb38, 0x42f60000)
  to   space 25344K,   0% used [0x42f60000, 0x42f60000, 0x44820000)
 tenured generation   total 507972K, used 507561K [0x4a000000, 0x69011000, 0x74000000)
   the space 507972K,  99% used [0x4a000000, 0x68faa7f0, 0x68faa800, 0x69011000)
 Metaspace       used 42698K, capacity 47603K, committed 47616K, reserved 48432K

